<?xml version="1.0" encoding="UTF-8"?>
<testsuite xmlns:xsi="http://www.w3.org/2001/XMLSchema-instance" xsi:noNamespaceSchemaLocation="https://maven.apache.org/surefire/maven-surefire-plugin/xsd/surefire-test-report.xsd" name="com.fan.server.MeetingSystemTest" time="6.924" tests="2" errors="0" skipped="0" failures="0">
  <properties>
[...]
</properties>
  <testcase name="context" classname="com.fan.server.MeetingSystemTest" time="0.235"/>
  <testcase name="testPassword" classname="com.fan.server.MeetingSystemTest" time="0.071"/>
</testsuite>